<?xml version="1.0" encoding="UTF-8"?>
<!-- Generated by org.testng.reporters.JUnitReportReporter -->
<testsuite skipped="0" hostname="IBM-Testing01" name="myGoogleText.verifyGooglePage" tests="2" failures="0" timestamp="10 Jan 2020 11:02:45 GMT" time="26.371" errors="0">
  <testcase name="checktitle" time="12.028" classname="myGoogleText.verifyGooglePage"/>
  <testcase name="checklogo" time="14.343" classname="myGoogleText.verifyGooglePage"/>
</testsuite> <!-- myGoogleText.verifyGooglePage -->
